0 info it worked if it ends with ok
1 verbose cli [ '/usr/bin/nodejs', '/usr/bin/npm', 'run', 'test' ]
2 info using npm@3.10.10
3 info using node@v6.11.1
4 verbose run-script [ 'pretest', 'test', 'posttest' ]
5 info lifecycle erc20-tokens@0.0.1~pretest: erc20-tokens@0.0.1
6 verbose lifecycle erc20-tokens@0.0.1~pretest: unsafe-perm in lifecycle true
7 verbose lifecycle erc20-tokens@0.0.1~pretest: PATH: /usr/lib/node_modules/npm/bin/node-gyp-bin:/home/pc/Projects/evareium-ico-backend/truffle/node_modules/.bin:/home/pc/bin:/home/pc/.local/bin:/usr/local/sbin:/usr/local/bin:/usr/sbin:/usr/bin:/sbin:/bin:/usr/games:/usr/local/games:/snap/bin:/usr/lib/jvm/java-8-oracle/bin:/usr/lib/jvm/java-8-oracle/db/bin:/usr/lib/jvm/java-8-oracle/jre/bin:/home/pc/Projects/go/bin:/home/pc/Softs/WebStorm/bin:/home/pc/Softs/robo3t/bin
8 verbose lifecycle erc20-tokens@0.0.1~pretest: CWD: /home/pc/Projects/evareium-ico-backend/truffle
9 silly lifecycle erc20-tokens@0.0.1~pretest: Args: [ '-c', 'npm run lint' ]
10 silly lifecycle erc20-tokens@0.0.1~pretest: Returned: code: 0  signal: null
11 info lifecycle erc20-tokens@0.0.1~test: erc20-tokens@0.0.1
12 verbose lifecycle erc20-tokens@0.0.1~test: unsafe-perm in lifecycle true
13 verbose lifecycle erc20-tokens@0.0.1~test: PATH: /usr/lib/node_modules/npm/bin/node-gyp-bin:/home/pc/Projects/evareium-ico-backend/truffle/node_modules/.bin:/home/pc/bin:/home/pc/.local/bin:/usr/local/sbin:/usr/local/bin:/usr/sbin:/usr/bin:/sbin:/bin:/usr/games:/usr/local/games:/snap/bin:/usr/lib/jvm/java-8-oracle/bin:/usr/lib/jvm/java-8-oracle/db/bin:/usr/lib/jvm/java-8-oracle/jre/bin:/home/pc/Projects/go/bin:/home/pc/Softs/WebStorm/bin:/home/pc/Softs/robo3t/bin
14 verbose lifecycle erc20-tokens@0.0.1~test: CWD: /home/pc/Projects/evareium-ico-backend/truffle
15 silly lifecycle erc20-tokens@0.0.1~test: Args: [ '-c', 'truffle test' ]
16 silly lifecycle erc20-tokens@0.0.1~test: Returned: code: 1  signal: null
17 info lifecycle erc20-tokens@0.0.1~test: Failed to exec test script
18 verbose stack Error: erc20-tokens@0.0.1 test: `truffle test`
18 verbose stack Exit status 1
18 verbose stack     at EventEmitter.<anonymous> (/usr/lib/node_modules/npm/lib/utils/lifecycle.js:255:16)
18 verbose stack     at emitTwo (events.js:106:13)
18 verbose stack     at EventEmitter.emit (events.js:191:7)
18 verbose stack     at ChildProcess.<anonymous> (/usr/lib/node_modules/npm/lib/utils/spawn.js:40:14)
18 verbose stack     at emitTwo (events.js:106:13)
18 verbose stack     at ChildProcess.emit (events.js:191:7)
18 verbose stack     at maybeClose (internal/child_process.js:891:16)
18 verbose stack     at Process.ChildProcess._handle.onexit (internal/child_process.js:226:5)
19 verbose pkgid erc20-tokens@0.0.1
20 verbose cwd /home/pc/Projects/evareium-ico-backend/truffle
21 error Linux 4.13.0-26-generic
22 error argv "/usr/bin/nodejs" "/usr/bin/npm" "run" "test"
23 error node v6.11.1
24 error npm  v3.10.10
25 error code ELIFECYCLE
26 error erc20-tokens@0.0.1 test: `truffle test`
26 error Exit status 1
27 error Failed at the erc20-tokens@0.0.1 test script 'truffle test'.
27 error Make sure you have the latest version of node.js and npm installed.
27 error If you do, this is most likely a problem with the erc20-tokens package,
27 error not with npm itself.
27 error Tell the author that this fails on your system:
27 error     truffle test
27 error You can get information on how to open an issue for this project with:
27 error     npm bugs erc20-tokens
27 error Or if that isn't available, you can get their info via:
27 error     npm owner ls erc20-tokens
27 error There is likely additional logging output above.
28 verbose exit [ 1, true ]
